<?xml version="1.0" encoding="UTF-8"?>
<!-- Generated by org.testng.reporters.JUnitXMLReporter -->
<testsuite hostname="Ahmad" ignored="0" name="Test" tests="9" failures="0" timestamp="2022-06-03T18:07:20 GST" time="227.733" errors="0">
  <testcase name="validLoginTest" time="4.122" classname="tests.ValidLoginTest"/>
  <testcase name="AdmindAddNewProductTest" time="27.576" classname="tests.AdminAddNewProductTest"/>
  <testcase name="adminEditProductTest" time="21.823" classname="tests.AdminEditProductTest"/>
  <testcase name="userRegisterTest" time="9.231" classname="tests.UserRegisterTest"/>
  <testcase name="a_addproduct2cart" time="32.706" classname="tests.CompletePurchaseTest"/>
  <testcase name="b_completePurchaseTest" time="8.571" classname="tests.CompletePurchaseTest"/>
  <testcase name="invalidLoginTest" time="3.039" classname="tests.InvalidLoginTest"/>
  <testcase name="enableProductTest" time="21.898" classname="tests.EnableProductTest"/>
  <testcase name="enableProductTest" time="22.154" classname="tests.DisableProductTest"/>
</testsuite> <!-- Test -->
